[ 2025-10-26 16:56:36,540 ] 161 numexpr.utils - INFO - NumExpr defaulting to 12 threads.
[ 2025-10-26 16:56:38,672 ] 19 root - INFO - Initiated the data ingestion component
[ 2025-10-26 16:56:40,993 ] 65 root - INFO - Performed train test split on the dataframe
[ 2025-10-26 16:56:40,993 ] 67 root - INFO - Exited split_data_as_train_test method of Data_Ingestion class
[ 2025-10-26 16:56:40,994 ] 75 root - INFO - Exporting train and test file path.
[ 2025-10-26 16:56:41,023 ] 84 root - INFO - Exported train and test file path.
[ 2025-10-26 16:56:41,024 ] 21 root - INFO - Completed the data ingestion component
[ 2025-10-26 16:56:41,026 ] 25 root - INFO - Initiated the data validation component
[ 2025-10-26 16:56:41,067 ] 32 root - INFO - Required number of columns:1
[ 2025-10-26 16:56:41,067 ] 33 root - INFO - Data frame has columns:13
[ 2025-10-26 16:56:41,067 ] 32 root - INFO - Required number of columns:1
[ 2025-10-26 16:56:41,067 ] 33 root - INFO - Data frame has columns:13
[ 2025-10-26 16:56:41,140 ] 29 root - INFO - Initiated the data transformation component
[ 2025-10-26 16:56:41,140 ] 80 root - INFO - Entered initiate_data_transformation method of DataTransformation class
[ 2025-10-26 16:56:41,140 ] 82 root - INFO - Starting data transformation
[ 2025-10-26 16:56:41,200 ] 102 root - INFO - Numeric columns for transformation: ['time', 'latitude', 'longitude', 'depth', 'nst', 'gap', 'dmin', 'rms', 'updated']
[ 2025-10-26 16:56:41,201 ] 64 root - INFO - Initializing KNNImputer and StandardScaler for numeric columns
[ 2025-10-26 16:56:41,474 ] 47 root - INFO - Entered the save_object method of MainUtils class
[ 2025-10-26 16:56:41,475 ] 51 root - INFO - Exited the save_object method of MainUtils class
[ 2025-10-26 16:56:41,475 ] 47 root - INFO - Entered the save_object method of MainUtils class
[ 2025-10-26 16:56:41,476 ] 51 root - INFO - Exited the save_object method of MainUtils class
[ 2025-10-26 16:56:41,476 ] 125 root - INFO - Transformed train shape: (4228, 10)
[ 2025-10-26 16:56:41,476 ] 126 root - INFO - Transformed test shape: (1057, 10)
[ 2025-10-26 16:56:41,476 ] 127 root - INFO - Data transformation completed successfully
[ 2025-10-26 16:56:41,477 ] 33 root - INFO - Completed the data transformation component
[ 2025-10-26 16:56:41,477 ] 35 root - INFO - Model Training sstared
