[ 2025-11-10 16:38:28,645 ] 52 root - INFO - Connecting to Azure Blob container 'store-earthquake-data', blob 'dataset.csv'
[ 2025-11-10 16:38:28,660 ] 511 azure.core.pipeline.policies.http_logging_policy - INFO - Request URL: 'https://earthquakecoen691.blob.core.windows.net/store-earthquake-data/dataset.csv'
Request method: 'GET'
Request headers:
    'x-ms-range': 'REDACTED'
    'x-ms-version': 'REDACTED'
    'Accept': 'application/xml'
    'User-Agent': 'azsdk-python-storage-blob/12.27.1 Python/3.11.9 (Windows-10-10.0.26100-SP0)'
    'x-ms-date': 'REDACTED'
    'x-ms-client-request-id': '9876eab0-be7d-11f0-a98b-782b464946ec'
    'Authorization': 'REDACTED'
No body was attached to the request
[ 2025-11-10 16:38:29,354 ] 554 azure.core.pipeline.policies.http_logging_policy - INFO - Response status: 206
Response headers:
    'Content-Length': '816002'
    'Content-Type': 'text/csv'
    'Content-Range': 'REDACTED'
    'Last-Modified': 'Mon, 10 Nov 2025 21:10:17 GMT'
    'Accept-Ranges': 'REDACTED'
    'ETag': '"0x8DE209D8CC98839"'
    'Server': 'Windows-Azure-Blob/1.0 Microsoft-HTTPAPI/2.0'
    'x-ms-request-id': 'b3975bd3-701e-0068-3e8a-529e70000000'
    'x-ms-client-request-id': '9876eab0-be7d-11f0-a98b-782b464946ec'
    'x-ms-version': 'REDACTED'
    'x-ms-creation-time': 'REDACTED'
    'x-ms-blob-content-md5': 'REDACTED'
    'x-ms-lease-status': 'REDACTED'
    'x-ms-lease-state': 'REDACTED'
    'x-ms-blob-type': 'REDACTED'
    'x-ms-server-encrypted': 'REDACTED'
    'Date': 'Mon, 10 Nov 2025 21:38:29 GMT'
[ 2025-11-10 16:38:29,535 ] 61 root - INFO - Read 5009 rows from Azure blob 'dataset.csv'
[ 2025-11-10 16:38:29,590 ] 84 root - INFO - Connecting to MongoDB and inserting into Earthquake_Data.earthquake_collection
[ 2025-11-10 16:38:37,894 ] 94 root - INFO - Inserted 5009 documents into MongoDB collection 'earthquake_collection'
