[ 2025-10-26 17:00:02,208 ] 161 numexpr.utils - INFO - NumExpr defaulting to 12 threads.
[ 2025-10-26 17:00:05,380 ] 19 root - INFO - Initiated the data ingestion component
[ 2025-10-26 17:00:08,116 ] 65 root - INFO - Performed train test split on the dataframe
[ 2025-10-26 17:00:08,116 ] 67 root - INFO - Exited split_data_as_train_test method of Data_Ingestion class
[ 2025-10-26 17:00:08,117 ] 75 root - INFO - Exporting train and test file path.
[ 2025-10-26 17:00:08,156 ] 84 root - INFO - Exported train and test file path.
[ 2025-10-26 17:00:08,159 ] 21 root - INFO - Completed the data ingestion component
[ 2025-10-26 17:00:08,162 ] 25 root - INFO - Initiated the data validation component
[ 2025-10-26 17:00:08,213 ] 32 root - INFO - Required number of columns:1
[ 2025-10-26 17:00:08,213 ] 33 root - INFO - Data frame has columns:13
[ 2025-10-26 17:00:08,213 ] 32 root - INFO - Required number of columns:1
[ 2025-10-26 17:00:08,213 ] 33 root - INFO - Data frame has columns:13
[ 2025-10-26 17:00:08,308 ] 29 root - INFO - Initiated the data transformation component
[ 2025-10-26 17:00:08,309 ] 80 root - INFO - Entered initiate_data_transformation method of DataTransformation class
[ 2025-10-26 17:00:08,309 ] 82 root - INFO - Starting data transformation
[ 2025-10-26 17:00:08,373 ] 102 root - INFO - Numeric columns for transformation: ['time', 'latitude', 'longitude', 'depth', 'nst', 'gap', 'dmin', 'rms', 'updated']
[ 2025-10-26 17:00:08,373 ] 64 root - INFO - Initializing KNNImputer and StandardScaler for numeric columns
[ 2025-10-26 17:00:08,797 ] 47 root - INFO - Entered the save_object method of MainUtils class
[ 2025-10-26 17:00:08,798 ] 51 root - INFO - Exited the save_object method of MainUtils class
[ 2025-10-26 17:00:08,799 ] 47 root - INFO - Entered the save_object method of MainUtils class
[ 2025-10-26 17:00:08,800 ] 51 root - INFO - Exited the save_object method of MainUtils class
[ 2025-10-26 17:00:08,800 ] 125 root - INFO - Transformed train shape: (4228, 10)
[ 2025-10-26 17:00:08,800 ] 126 root - INFO - Transformed test shape: (1057, 10)
[ 2025-10-26 17:00:08,800 ] 127 root - INFO - Data transformation completed successfully
[ 2025-10-26 17:00:08,801 ] 33 root - INFO - Completed the data transformation component
[ 2025-10-26 17:00:08,801 ] 35 root - INFO - Model Training sstared
[ 2025-10-26 17:19:25,278 ] 47 root - INFO - Entered the save_object method of MainUtils class
[ 2025-10-26 17:19:25,279 ] 51 root - INFO - Exited the save_object method of MainUtils class
[ 2025-10-26 17:19:25,279 ] 149 root - INFO - Model trainer artifact: ModelTrainerArtifact(trained_model_file_path='Artifacts\\10_26_2025_17_00_02\\model_trainer\\trained_model\\model.pkl', train_metric_artifact=RegressionMetric(rmse=0.3242830457872983, mae=0.25346143771585045, r2_score=0.9416517347102464), test_metric_artifact=RegressionMetric(rmse=0.4093831524323229, mae=0.30793191624727395, r2_score=0.9154197940936686))
[ 2025-10-26 17:19:25,283 ] 40 root - INFO - Model Training artifact created
