[ 2025-10-26 16:33:18,841 ] 161 numexpr.utils - INFO - NumExpr defaulting to 12 threads.
[ 2025-10-26 16:33:20,904 ] 15 root - INFO - Initiated the data ingestion component
[ 2025-10-26 16:33:23,269 ] 65 root - INFO - Performed train test split on the dataframe
[ 2025-10-26 16:33:23,270 ] 67 root - INFO - Exited split_data_as_train_test method of Data_Ingestion class
[ 2025-10-26 16:33:23,270 ] 75 root - INFO - Exporting train and test file path.
[ 2025-10-26 16:33:23,301 ] 84 root - INFO - Exported train and test file path.
[ 2025-10-26 16:33:23,302 ] 17 root - INFO - Completed the data ingestion component
[ 2025-10-26 16:33:23,304 ] 21 root - INFO - Initiated the data validation component
[ 2025-10-26 16:33:23,343 ] 32 root - INFO - Required number of columns:1
[ 2025-10-26 16:33:23,343 ] 33 root - INFO - Data frame has columns:13
[ 2025-10-26 16:33:23,343 ] 32 root - INFO - Required number of columns:1
[ 2025-10-26 16:33:23,343 ] 33 root - INFO - Data frame has columns:13
[ 2025-10-26 16:33:23,429 ] 25 root - INFO - Initiated the data transformation component
[ 2025-10-26 16:33:23,429 ] 80 root - INFO - Entered initiate_data_transformation method of DataTransformation class
[ 2025-10-26 16:33:23,429 ] 82 root - INFO - Starting data transformation
[ 2025-10-26 16:33:23,494 ] 102 root - INFO - Numeric columns for transformation: ['time', 'latitude', 'longitude', 'depth', 'nst', 'gap', 'dmin', 'rms', 'updated']
[ 2025-10-26 16:33:23,494 ] 64 root - INFO - Initializing KNNImputer and StandardScaler for numeric columns
[ 2025-10-26 16:33:23,786 ] 48 root - INFO - Entered the save_object method of MainUtils class
[ 2025-10-26 16:33:23,787 ] 52 root - INFO - Exited the save_object method of MainUtils class
[ 2025-10-26 16:33:23,787 ] 48 root - INFO - Entered the save_object method of MainUtils class
[ 2025-10-26 16:33:23,788 ] 52 root - INFO - Exited the save_object method of MainUtils class
[ 2025-10-26 16:33:23,788 ] 125 root - INFO - Transformed train shape: (4228, 10)
[ 2025-10-26 16:33:23,788 ] 126 root - INFO - Transformed test shape: (1057, 10)
[ 2025-10-26 16:33:23,788 ] 127 root - INFO - Data transformation completed successfully
[ 2025-10-26 16:33:23,789 ] 29 root - INFO - Completed the data transformation component
