[ 2025-10-26 16:38:35,283 ] 161 numexpr.utils - INFO - NumExpr defaulting to 12 threads.
[ 2025-10-26 16:38:37,326 ] 15 root - INFO - Initiated the data ingestion component
[ 2025-10-26 16:38:39,836 ] 65 root - INFO - Performed train test split on the dataframe
[ 2025-10-26 16:38:39,836 ] 67 root - INFO - Exited split_data_as_train_test method of Data_Ingestion class
[ 2025-10-26 16:38:39,837 ] 75 root - INFO - Exporting train and test file path.
[ 2025-10-26 16:38:39,887 ] 84 root - INFO - Exported train and test file path.
[ 2025-10-26 16:38:39,891 ] 17 root - INFO - Completed the data ingestion component
[ 2025-10-26 16:38:39,894 ] 21 root - INFO - Initiated the data validation component
[ 2025-10-26 16:38:39,952 ] 32 root - INFO - Required number of columns:1
[ 2025-10-26 16:38:39,953 ] 33 root - INFO - Data frame has columns:13
[ 2025-10-26 16:38:39,953 ] 32 root - INFO - Required number of columns:1
[ 2025-10-26 16:38:39,953 ] 33 root - INFO - Data frame has columns:13
[ 2025-10-26 16:38:40,088 ] 25 root - INFO - Initiated the data transformation component
[ 2025-10-26 16:38:40,088 ] 80 root - INFO - Entered initiate_data_transformation method of DataTransformation class
[ 2025-10-26 16:38:40,089 ] 82 root - INFO - Starting data transformation
[ 2025-10-26 16:38:40,158 ] 102 root - INFO - Numeric columns for transformation: ['time', 'latitude', 'longitude', 'depth', 'nst', 'gap', 'dmin', 'rms', 'updated']
[ 2025-10-26 16:38:40,158 ] 64 root - INFO - Initializing KNNImputer and StandardScaler for numeric columns
[ 2025-10-26 16:38:40,672 ] 45 root - INFO - Entered the save_object method of MainUtils class
[ 2025-10-26 16:38:40,673 ] 49 root - INFO - Exited the save_object method of MainUtils class
[ 2025-10-26 16:38:40,673 ] 45 root - INFO - Entered the save_object method of MainUtils class
[ 2025-10-26 16:38:40,674 ] 49 root - INFO - Exited the save_object method of MainUtils class
[ 2025-10-26 16:38:40,674 ] 125 root - INFO - Transformed train shape: (4228, 10)
[ 2025-10-26 16:38:40,674 ] 126 root - INFO - Transformed test shape: (1057, 10)
[ 2025-10-26 16:38:40,674 ] 127 root - INFO - Data transformation completed successfully
[ 2025-10-26 16:38:40,675 ] 29 root - INFO - Completed the data transformation component
