[ 2025-10-26 16:26:36,740 ] 161 numexpr.utils - INFO - NumExpr defaulting to 12 threads.
[ 2025-10-26 16:26:38,915 ] 15 root - INFO - Initiated the data ingestion component
[ 2025-10-26 16:26:41,578 ] 65 root - INFO - Performed train test split on the dataframe
[ 2025-10-26 16:26:41,578 ] 67 root - INFO - Exited split_data_as_train_test method of Data_Ingestion class
[ 2025-10-26 16:26:41,578 ] 75 root - INFO - Exporting train and test file path.
[ 2025-10-26 16:26:41,630 ] 84 root - INFO - Exported train and test file path.
[ 2025-10-26 16:26:41,632 ] 17 root - INFO - Completed the data ingestion component
[ 2025-10-26 16:26:41,644 ] 21 root - INFO - Initiated the data validation component
[ 2025-10-26 16:26:41,687 ] 32 root - INFO - Required number of columns:1
[ 2025-10-26 16:26:41,687 ] 33 root - INFO - Data frame has columns:13
[ 2025-10-26 16:26:41,687 ] 32 root - INFO - Required number of columns:1
[ 2025-10-26 16:26:41,687 ] 33 root - INFO - Data frame has columns:13
[ 2025-10-26 16:26:41,760 ] 25 root - INFO - Initiated the data transformation component
[ 2025-10-26 16:26:41,760 ] 80 root - INFO - Entered initiate_data_transformation method of DataTransformation class
[ 2025-10-26 16:26:41,760 ] 82 root - INFO - Starting data transformation
[ 2025-10-26 16:26:41,820 ] 102 root - INFO - Numeric columns for transformation: ['time', 'latitude', 'longitude', 'depth', 'nst', 'gap', 'dmin', 'rms', 'updated']
[ 2025-10-26 16:26:41,820 ] 64 root - INFO - Initializing KNNImputer and StandardScaler for numeric columns
[ 2025-10-26 16:26:42,128 ] 45 root - INFO - Entered the save_object method of MainUtils class
[ 2025-10-26 16:26:42,129 ] 49 root - INFO - Exited the save_object method of MainUtils class
[ 2025-10-26 16:26:42,129 ] 45 root - INFO - Entered the save_object method of MainUtils class
[ 2025-10-26 16:26:42,130 ] 49 root - INFO - Exited the save_object method of MainUtils class
[ 2025-10-26 16:26:42,130 ] 125 root - INFO - Transformed train shape: (4228, 10)
[ 2025-10-26 16:26:42,130 ] 126 root - INFO - Transformed test shape: (1057, 10)
[ 2025-10-26 16:26:42,130 ] 127 root - INFO - Data transformation completed successfully
[ 2025-10-26 16:26:42,131 ] 29 root - INFO - Completed the data transformation component
